0001_0013_0013_0076_0076.jpg 1 13 13 76 76
0002_0015_0042_0050_0050.jpg 1 15 42 50 50
0003_0026_0015_0063_0063.jpg 1 26 15 63 63
0004_0017_0008_0072_0072.jpg 1 17 8 72 72
0005_0018_0036_0061_0061.jpg 1 18 36 61 61
0006_0043_0008_0057_0057.jpg 1 43 8 57 57
0007_0015_0031_0083_0083.jpg 1 15 31 83 83
0008_0064_0057_0035_0035.jpg 1 64 57 35 35
0009_0028_0021_0081_0081.jpg 1 28 21 81 81
0010_0035_0028_0078_0078.jpg 1 35 28 78 78
0011_0020_0035_0067_0067.jpg 1 20 35 67 67
0012_0016_0034_0068_0068.jpg 1 16 34 68 68
0013_0056_0050_0024_0024.jpg 1 56 50 24 24
0014_0039_0015_0035_0035.jpg 1 39 15 35 35
0015_0054_0017_0050_0050.jpg 1 54 17 50 50
0016_0045_0054_0034_0034.jpg 1 45 54 34 34
0017_0022_0007_0088_0088.jpg 1 22 7 88 88
0018_0014_0026_0074_0074.jpg 1 14 26 74 74
0019_0043_0060_0033_0033.jpg 1 43 60 33 33
0020_0032_0016_0087_0087.jpg 1 32 16 87 87
0021_0009_0037_0080_0080.jpg 1 9 37 80 80
0022_0050_0014_0037_0037.jpg 1 50 14 37 37
0023_0018_0023_0055_0055.jpg 1 18 23 55 55
0024_0016_0032_0086_0086.jpg 1 16 32 86 86
0025_0013_0036_0080_0080.jpg 1 13 36 80 80
0026_0014_0019_0081_0081.jpg 1 14 19 81 81
0027_0014_0014_0028_0028.jpg 1 14 14 28 28
0028_0017_0013_0082_0082.jpg 1 17 13 82 82
0029_0023_0040_0077_0077.jpg 1 23 40 77 77
0030_0023_0012_0062_0062.jpg 1 23 12 62 62
0031_0033_0016_0085_0085.jpg 1 33 16 85 85
0032_0023_0033_0072_0072.jpg 1 23 33 72 72
0033_0025_0005_0081_0081.jpg 1 25 5 81 81
0034_0048_0054_0060_0060.jpg 1 48 54 60 60
0035_0058_0056_0047_0047.jpg 1 58 56 47 47
0036_0021_0018_0082_0082.jpg 1 21 18 82 82
0037_0016_0019_0074_0074.jpg 1 16 19 74 74
0038_0028_0025_0080_0080.jpg 1 28 25 80 80
0039_0031_0029_0065_0065.jpg 1 31 29 65 65
0040_0013_0020_0031_0031.jpg 1 13 20 31 31
0041_0050_0020_0060_0060.jpg 1 50 20 60 60
0042_0011_0011_0069_0069.jpg 1 11 11 69 69
0043_0019_0012_0037_0037.jpg 1 19 12 37 37
0044_0028_0007_0071_0071.jpg 1 28 7 71 71
0045_0012_0038_0060_0060.jpg 1 12 38 60 60
0046_0012_0054_0053_0053.jpg 1 12 54 53 53
0047_0017_0024_0087_0087.jpg 1 17 24 87 87
0048_0064_0036_0033_0033.jpg 1 64 36 33 33
0049_0070_0080_0024_0024.jpg 1 70 80 24 24
0050_0041_0044_0066_0066.jpg 1 41 44 66 66
0051_0014_0054_0025_0025.jpg 1 14 54 25 25
0052_0056_0012_0044_0044.jpg 1 56 12 44 44
0053_0012_0025_0042_0042.jpg 1 12 25 42 42
0054_0021_0032_0058_0058.jpg 1 21 32 58 58
0055_0043_0018_0071_0071.jpg 1 43 18 71 71
0056_0032_0020_0046_0046.jpg 1 32 20 46 46
0057_0034_0023_0068_0068.jpg 1 34 23 68 68
0058_0031_0057_0031_0031.jpg 1 31 57 31 31
0059_0034_0066_0035_0035.jpg 1 34 66 35 35
0060_0050_0019_0054_0054.jpg 1 50 19 54 54
0061_0032_0019_0084_0084.jpg 1 32 19 84 84
0062_0010_0066_0026_0026.jpg 1 10 66 26 26
0063_0052_0025_0036_0036.jpg 1 52 25 36 36
0064_0028_0036_0055_0055.jpg 1 28 36 55 55
0065_0025_0051_0060_0060.jpg 1 25 51 60 60
0066_0041_0012_0075_0075.jpg 1 41 12 75 75
0067_0026_0012_0065_0065.jpg 1 26 12 65 65
0068_0020_0040_0028_0028.jpg 1 20 40 28 28
0069_0029_0066_0025_0025.jpg 1 29 66 25 25
0070_0067_0039_0033_0033.jpg 1 67 39 33 33
0071_0031_0048_0060_0060.jpg 1 31 48 60 60
0072_0031_0030_0085_0085.jpg 1 31 30 85 85
0073_0019_0038_0057_0057.jpg 1 19 38 57 57
0074_0022_0010_0076_0076.jpg 1 22 10 76 76
0075_0028_0016_0078_0078.jpg 1 28 16 78 78
0076_0012_0020_0088_0088.jpg 1 12 20 88 88
0077_0008_0028_0079_0079.jpg 1 8 28 79 79
0078_0059_0014_0049_0049.jpg 1 59 14 49 49
0079_0005_0031_0084_0084.jpg 1 5 31 84 84
0080_0068_0018_0040_0040.jpg 1 68 18 40 40
0081_0017_0068_0041_0041.jpg 1 17 68 41 41
0082_0013_0029_0083_0083.jpg 1 13 29 83 83
0083_0017_0027_0040_0040.jpg 1 17 27 40 40
0084_0033_0034_0083_0083.jpg 1 33 34 83 83
0085_0053_0011_0056_0056.jpg 1 53 11 56 56
0086_0008_0031_0065_0065.jpg 1 8 31 65 65
0087_0064_0053_0040_0040.jpg 1 64 53 40 40
0088_0024_0046_0031_0031.jpg 1 24 46 31 31
0089_0047_0037_0058_0058.jpg 1 47 37 58 58
0090_0020_0027_0077_0077.jpg 1 20 27 77 77
0091_0032_0038_0055_0055.jpg 1 32 38 55 55
0092_0030_0014_0055_0055.jpg 1 30 14 55 55
0093_0031_0026_0076_0076.jpg 1 31 26 76 76
0094_0038_0024_0065_0065.jpg 1 38 24 65 65
0095_0045_0018_0070_0070.jpg 1 45 18 70 70
0096_0014_0016_0068_0068.jpg 1 14 16 68 68
0097_0029_0025_0080_0080.jpg 1 29 25 80 80
0098_0012_0019_0087_0087.jpg 1 12 19 87 87
0099_0027_0056_0045_0045.jpg 1 27 56 45 45
0100_0025_0036_0053_0053.jpg 1 25 36 53 53
0101_0023_0045_0064_0064.jpg 1 23 45 64 64
0102_0039_0066_0032_0032.jpg 1 39 66 32 32
0103_0029_0012_0035_0035.jpg 1 29 12 35 35
0104_0016_0021_0063_0063.jpg 1 16 21 63 63
0105_0016_0020_0089_0089.jpg 1 16 20 89 89
0106_0029_0045_0066_0066.jpg 1 29 45 66 66
0107_0017_0035_0074_0074.jpg 1 17 35 74 74
0108_0018_0069_0029_0029.jpg 1 18 69 29 29
0109_0032_0015_0076_0076.jpg 1 32 15 76 76
0110_0043_0062_0041_0041.jpg 1 43 62 41 41
0111_0079_0048_0026_0026.jpg 1 79 48 26 26
0112_0023_0049_0061_0061.jpg 1 23 49 61 61
0113_0063_0019_0048_0048.jpg 1 63 19 48 48
0114_0010_0016_0077_0077.jpg 1 10 16 77 77
0115_0046_0059_0048_0048.jpg 1 46 59 48 48
0116_0029_0017_0075_0075.jpg 1 29 17 75 75
0117_0019_0044_0028_0028.jpg 1 19 44 28 28
0118_0040_0042_0048_0048.jpg 1 40 42 48 48
0119_0013_0030_0071_0071.jpg 1 13 30 71 71
0120_0011_0026_0073_0073.jpg 1 11 26 73 73
0121_0020_0025_0063_0063.jpg 1 20 25 63 63
0122_0008_0033_0077_0077.jpg 1 8 33 77 77
0123_0038_0027_0072_0072.jpg 1 38 27 72 72
0124_0034_0014_0040_0040.jpg 1 34 14 40 40
0125_0030_0007_0059_0059.jpg 1 30 7 59 59
0126_0047_0074_0030_0030.jpg 1 47 74 30 30
0127_0036_0051_0046_0046.jpg 1 36 51 46 46
0128_0019_0044_0056_0056.jpg 1 19 44 56 56
0129_0062_0065_0044_0044.jpg 1 62 65 44 44
0130_0053_0010_0047_0047.jpg 1 53 10 47 47
0131_0017_0016_0083_0083.jpg 1 17 16 83 83
0132_0041_0032_0051_0051.jpg 1 41 32 51 51
0133_0016_0012_0083_0083.jpg 1 16 12 83 83
0134_0017_0006_0077_0077.jpg 1 17 6 77 77
0135_0013_0009_0087_0087.jpg 1 13 9 87 87
0136_0030_0031_0083_0083.jpg 1 30 31 83 83
0137_0010_0027_0084_0084.jpg 1 10 27 84 84
0138_0020_0032_0060_0060.jpg 1 20 32 60 60
0139_0016_0012_0086_0086.jpg 1 16 12 86 86
0140_0060_0010_0025_0025.jpg 1 60 10 25 25
0141_0035_0012_0056_0056.jpg 1 35 12 56 56
0142_0029_0023_0088_0088.jpg 1 29 23 88 88
0143_0022_0022_0081_0081.jpg 1 22 22 81 81
0144_0021_0025_0063_0063.jpg 1 21 25 63 63
0145_0015_0055_0053_0053.jpg 1 15 55 53 53
0146_0008_0030_0060_0060.jpg 1 8 30 60 60
0147_0025_0038_0070_0070.jpg 1 25 38 70 70
0148_0026_0020_0058_0058.jpg 1 26 20 58 58
0149_0012_0006_0070_0070.jpg 1 12 6 70 70
0150_0019_0043_0040_0040.jpg 1 19 43 40 40
0151_0024_0031_0088_0088.jpg 1 24 31 88 88
0152_0027_0057_0028_0028.jpg 1 27 57 28 28
0153_0031_0024_0074_0074.jpg 1 31 24 74 74
0154_0006_0043_0073_0073.jpg 1 6 43 73 73
0155_0008_0026_0087_0087.jpg 1 8 26 87 87
0156_0028_0015_0048_0048.jpg 1 28 15 48 48
0157_0028_0017_0036_0036.jpg 1 28 17 36 36
0158_0049_0042_0054_0054.jpg 1 49 42 54 54
0159_0028_0020_0083_0083.jpg 1 28 20 83 83
0160_0056_0055_0051_0051.jpg 1 56 55 51 51
0161_0023_0015_0033_0033.jpg 1 23 15 33 33
0162_0009_0035_0033_0033.jpg 1 9 35 33 33
0163_0032_0034_0081_0081.jpg 1 32 34 81 81
0164_0042_0011_0031_0031.jpg 1 42 11 31 31
0165_0011_0037_0030_0030.jpg 1 11 37 30 30
0166_0039_0029_0078_0078.jpg 1 39 29 78 78
0167_0035_0020_0052_0052.jpg 1 35 20 52 52
0168_0009_0024_0036_0036.jpg 1 9 24 36 36
0169_0015_0016_0067_0067.jpg 1 15 16 67 67
0170_0057_0034_0035_0035.jpg 1 57 34 35 35
0171_0030_0010_0055_0055.jpg 1 30 10 55 55
0172_0046_0014_0069_0069.jpg 1 46 14 69 69
0173_0068_0047_0025_0025.jpg 1 68 47 25 25
0174_0051_0017_0063_0063.jpg 1 51 17 63 63
0175_0012_0017_0041_0041.jpg 1 12 17 41 41
0176_0054_0013_0036_0036.jpg 1 54 13 36 36
0177_0031_0028_0084_0084.jpg 1 31 28 84 84
0178_0030_0031_0085_0085.jpg 1 30 31 85 85
0179_0020_0029_0038_0038.jpg 1 20 29 38 38
0180_0050_0014_0024_0024.jpg 1 50 14 24 24
0181_0006_0007_0080_0080.jpg 1 6 7 80 80
0182_0025_0038_0039_0039.jpg 1 25 38 39 39
0183_0033_0051_0046_0046.jpg 1 33 51 46 46
0184_0012_0013_0037_0037.jpg 1 12 13 37 37
0185_0038_0021_0039_0039.jpg 1 38 21 39 39
0186_0059_0072_0031_0031.jpg 1 59 72 31 31
0187_0051_0031_0055_0055.jpg 1 51 31 55 55
0188_0068_0058_0035_0035.jpg 1 68 58 35 35
0189_0010_0050_0039_0039.jpg 1 10 50 39 39
0190_0020_0046_0038_0038.jpg 1 20 46 38 38
0191_0044_0027_0072_0072.jpg 1 44 27 72 72
0192_0014_0059_0054_0054.jpg 1 14 59 54 54
0193_0015_0029_0048_0048.jpg 1 15 29 48 48
0194_0043_0021_0066_0066.jpg 1 43 21 66 66
0195_0049_0014_0030_0030.jpg 1 49 14 30 30
0196_0036_0029_0081_0081.jpg 1 36 29 81 81
0197_0025_0011_0034_0034.jpg 1 25 11 34 34
0198_0010_0031_0077_0077.jpg 1 10 31 77 77
0199_0034_0024_0080_0080.jpg 1 34 24 80 80
0200_0023_0048_0030_0030.jpg 1 23 48 30 30
0201_0012_0014_0087_0087.jpg 1 12 14 87 87
0202_0029_0035_0043_0043.jpg 1 29 35 43 43
0203_0044_0055_0039_0039.jpg 1 44 55 39 39
0204_0030_0054_0047_0047.jpg 1 30 54 47 47
0205_0032_0051_0039_0039.jpg 1 32 51 39 39
0206_0045_0052_0050_0050.jpg 1 45 52 50 50
0207_0030_0026_0075_0075.jpg 1 30 26 75 75
0208_0018_0047_0030_0030.jpg 1 18 47 30 30
0209_0025_0043_0056_0056.jpg 1 25 43 56 56
0210_0035_0055_0045_0045.jpg 1 35 55 45 45
0211_0050_0049_0060_0060.jpg 1 50 49 60 60
0212_0018_0011_0065_0065.jpg 1 18 11 65 65
0213_0053_0046_0046_0046.jpg 1 53 46 46 46
0214_0012_0024_0086_0086.jpg 1 12 24 86 86
0215_0042_0012_0073_0073.jpg 1 42 12 73 73
0216_0053_0051_0049_0049.jpg 1 53 51 49 49
0217_0009_0038_0079_0079.jpg 1 9 38 79 79
0218_0020_0013_0078_0078.jpg 1 20 13 78 78
0219_0018_0012_0077_0077.jpg 1 18 12 77 77
0220_0014_0014_0046_0046.jpg 1 14 14 46 46
0221_0005_0010_0078_0078.jpg 1 5 10 78 78
0222_0020_0018_0088_0088.jpg 1 20 18 88 88
0223_0040_0024_0026_0026.jpg 1 40 24 26 26
0224_0017_0029_0077_0077.jpg 1 17 29 77 77
0225_0063_0068_0025_0025.jpg 1 63 68 25 25
0226_0027_0034_0059_0059.jpg 1 27 34 59 59
0227_0033_0024_0081_0081.jpg 1 33 24 81 81
0228_0015_0037_0033_0033.jpg 1 15 37 33 33
0229_0041_0033_0059_0059.jpg 1 41 33 59 59
0230_0007_0022_0085_0085.jpg 1 7 22 85 85
0231_0037_0020_0053_0053.jpg 1 37 20 53 53
0232_0014_0041_0044_0044.jpg 1 14 41 44 44
0233_0073_0044_0029_0029.jpg 1 73 44 29 29
0234_0036_0042_0066_0066.jpg 1 36 42 66 66
0235_0010_0008_0049_0049.jpg 1 10 8 49 49
0236_0023_0015_0075_0075.jpg 1 23 15 75 75
0237_0035_0034_0036_0036.jpg 1 35 34 36 36
0238_0030_0020_0081_0081.jpg 1 30 20 81 81
0239_0029_0046_0041_0041.jpg 1 29 46 41 41
0240_0010_0015_0083_0083.jpg 1 10 15 83 83
0241_0037_0036_0081_0081.jpg 1 37 36 81 81
0242_0060_0043_0038_0038.jpg 1 60 43 38 38
0243_0021_0026_0045_0045.jpg 1 21 26 45 45
0244_0017_0032_0083_0083.jpg 1 17 32 83 83
0245_0009_0033_0082_0082.jpg 1 9 33 82 82
0246_0032_0013_0066_0066.jpg 1 32 13 66 66
0247_0036_0040_0051_0051.jpg 1 36 40 51 51
0248_0009_0045_0050_0050.jpg 1 9 45 50 50
0249_0045_0030_0061_0061.jpg 1 45 30 61 61
0250_0074_0053_0035_0035.jpg 1 74 53 35 35
0251_0030_0013_0044_0044.jpg 1 30 13 44 44
0252_0033_0025_0084_0084.jpg 1 33 25 84 84
0253_0076_0026_0032_0032.jpg 1 76 26 32 32
0254_0014_0027_0034_0034.jpg 1 14 27 34 34
0255_0010_0021_0085_0085.jpg 1 10 21 85 85
0256_0026_0030_0062_0062.jpg 1 26 30 62 62
0257_0008_0012_0066_0066.jpg 1 8 12 66 66
0258_0076_0038_0026_0026.jpg 1 76 38 26 26
0259_0032_0023_0041_0041.jpg 1 32 23 41 41
0260_0028_0011_0088_0088.jpg 1 28 11 88 88
0261_0026_0008_0072_0072.jpg 1 26 8 72 72
0262_0025_0034_0028_0028.jpg 1 25 34 28 28
0263_0004_0032_0083_0083.jpg 1 4 32 83 83
0264_0047_0049_0048_0048.jpg 1 47 49 48 48
0265_0024_0045_0067_0067.jpg 1 24 45 67 67
0266_0081_0028_0025_0025.jpg 1 81 28 25 25
0267_0013_0008_0088_0088.jpg 1 13 8 88 88
0268_0019_0040_0057_0057.jpg 1 19 40 57 57
0269_0071_0025_0036_0036.jpg 1 71 25 36 36
0270_0016_0010_0057_0057.jpg 1 16 10 57 57
0271_0046_0009_0067_0067.jpg 1 46 9 67 67
0272_0008_0028_0056_0056.jpg 1 8 28 56 56
0273_0025_0063_0032_0032.jpg 1 25 63 32 32
0274_0037_0024_0032_0032.jpg 1 37 24 32 32
0275_0046_0068_0038_0038.jpg 1 46 68 38 38
0276_0040_0040_0050_0050.jpg 1 40 40 50 50
0277_0016_0047_0050_0050.jpg 1 16 47 50 50
0278_0032_0010_0044_0044.jpg 1 32 10 44 44
0279_0055_0051_0048_0048.jpg 1 55 51 48 48
0280_0027_0019_0084_0084.jpg 1 27 19 84 84
0281_0031_0005_0074_0074.jpg 1 31 5 74 74
0282_0038_0028_0066_0066.jpg 1 38 28 66 66
0283_0051_0057_0027_0027.jpg 1 51 57 27 27
0284_0018_0022_0063_0063.jpg 1 18 22 63 63
0285_0031_0010_0058_0058.jpg 1 31 10 58 58
0286_0025_0020_0071_0071.jpg 1 25 20 71 71
0287_0019_0027_0031_0031.jpg 1 19 27 31 31
0288_0055_0055_0033_0033.jpg 1 55 55 33 33
0289_0048_0034_0050_0050.jpg 1 48 34 50 50
0290_0022_0024_0051_0051.jpg 1 22 24 51 51
0291_0026_0027_0029_0029.jpg 1 26 27 29 29
0292_0051_0041_0062_0062.jpg 1 51 41 62 62
0293_0046_0052_0039_0039.jpg 1 46 52 39 39
0294_0055_0068_0036_0036.jpg 1 55 68 36 36
0295_0017_0027_0033_0033.jpg 1 17 27 33 33
0296_0051_0057_0025_0025.jpg 1 51 57 25 25
0297_0017_0035_0056_0056.jpg 1 17 35 56 56
0298_0030_0009_0089_0089.jpg 1 30 9 89 89
0299_0024_0012_0086_0086.jpg 1 24 12 86 86
0300_0047_0043_0039_0039.jpg 1 47 43 39 39
0301_0017_0034_0037_0037.jpg 1 17 34 37 37
0302_0032_0010_0055_0055.jpg 1 32 10 55 55
0303_0049_0045_0059_0059.jpg 1 49 45 59 59
0304_0017_0023_0082_0082.jpg 1 17 23 82 82
0305_0028_0042_0063_0063.jpg 1 28 42 63 63
0306_0054_0016_0053_0053.jpg 1 54 16 53 53
0307_0006_0022_0079_0079.jpg 1 6 22 79 79
0308_0047_0009_0045_0045.jpg 1 47 9 45 45
0309_0046_0047_0059_0059.jpg 1 46 47 59 59
0310_0016_0009_0089_0089.jpg 1 16 9 89 89
0311_0024_0038_0067_0067.jpg 1 24 38 67 67
0312_0025_0052_0057_0057.jpg 1 25 52 57 57
0313_0037_0008_0078_0078.jpg 1 37 8 78 78
0314_0032_0047_0038_0038.jpg 1 32 47 38 38
0315_0050_0064_0030_0030.jpg 1 50 64 30 30
0316_0029_0014_0079_0079.jpg 1 29 14 79 79
0317_0010_0005_0079_0079.jpg 1 10 5 79 79
0318_0065_0035_0043_0043.jpg 1 65 35 43 43
0319_0036_0012_0061_0061.jpg 1 36 12 61 61
0320_0048_0045_0067_0067.jpg 1 48 45 67 67
0321_0042_0012_0073_0073.jpg 1 42 12 73 73
0322_0057_0026_0028_0028.jpg 1 57 26 28 28
0323_0062_0080_0027_0027.jpg 1 62 80 27 27
0324_0053_0018_0056_0056.jpg 1 53 18 56 56
0325_0027_0062_0034_0034.jpg 1 27 62 34 34
0326_0020_0011_0073_0073.jpg 1 20 11 73 73
0327_0020_0033_0085_0085.jpg 1 20 33 85 85
0328_0017_0020_0061_0061.jpg 1 17 20 61 61
0329_0016_0027_0050_0050.jpg 1 16 27 50 50
0330_0025_0007_0089_0089.jpg 1 25 7 89 89
0331_0018_0046_0062_0062.jpg 1 18 46 62 62
0332_0011_0012_0074_0074.jpg 1 11 12 74 74
0333_0033_0033_0078_0078.jpg 1 33 33 78 78
0334_0013_0024_0055_0055.jpg 1 13 24 55 55
0335_0072_0024_0034_0034.jpg 1 72 24 34 34
0336_0029_0058_0034_0034.jpg 1 29 58 34 34
0337_0013_0009_0071_0071.jpg 1 13 9 71 71
0338_0013_0010_0087_0087.jpg 1 13 10 87 87
0339_0036_0057_0025_0025.jpg 1 36 57 25 25
0340_0035_0010_0072_0072.jpg 1 35 10 72 72
0341_0031_0019_0077_0077.jpg 1 31 19 77 77
0342_0022_0022_0049_0049.jpg 1 22 22 49 49
0343_0031_0039_0030_0030.jpg 1 31 39 30 30
0344_0017_0028_0073_0073.jpg 1 17 28 73 73
0345_0027_0052_0054_0054.jpg 1 27 52 54 54
0346_0038_0034_0064_0064.jpg 1 38 34 64 64
0347_0015_0033_0035_0035.jpg 1 15 33 35 35
0348_0026_0027_0078_0078.jpg 1 26 27 78 78
0349_0033_0011_0086_0086.jpg 1 33 11 86 86
0350_0036_0040_0070_0070.jpg 1 36 40 70 70
0351_0056_0041_0045_0045.jpg 1 56 41 45 45
0352_0065_0024_0036_0036.jpg 1 65 24 36 36
0353_0024_0016_0061_0061.jpg 1 24 16 61 61
0354_0020_0009_0087_0087.jpg 1 20 9 87 87
0355_0022_0012_0088_0088.jpg 1 22 12 88 88
0356_0009_0007_0075_0075.jpg 1 9 7 75 75
0357_0011_0038_0063_0063.jpg 1 11 38 63 63
0358_0043_0030_0063_0063.jpg 1 43 30 63 63
0359_0017_0057_0035_0035.jpg 1 17 57 35 35
0360_0015_0030_0069_0069.jpg 1 15 30 69 69
0361_0023_0008_0050_0050.jpg 1 23 8 50 50
0362_0045_0042_0025_0025.jpg 1 45 42 25 25
0363_0049_0023_0046_0046.jpg 1 49 23 46 46
0364_0051_0014_0050_0050.jpg 1 51 14 50 50
0365_0030_0063_0028_0028.jpg 1 30 63 28 28
0366_0029_0029_0085_0085.jpg 1 29 29 85 85
0367_0029_0016_0047_0047.jpg 1 29 16 47 47
0368_0044_0045_0066_0066.jpg 1 44 45 66 66
0369_0045_0038_0050_0050.jpg 1 45 38 50 50
0370_0032_0068_0042_0042.jpg 1 32 68 42 42
0371_0035_0009_0062_0062.jpg 1 35 9 62 62
0372_0010_0042_0032_0032.jpg 1 10 42 32 32
0373_0053_0008_0054_0054.jpg 1 53 8 54 54
0374_0021_0025_0079_0079.jpg 1 21 25 79 79
0375_0044_0062_0036_0036.jpg 1 44 62 36 36
0376_0034_0035_0080_0080.jpg 1 34 35 80 80
0377_0015_0034_0046_0046.jpg 1 15 34 46 46
0378_0011_0017_0057_0057.jpg 1 11 17 57 57
0379_0068_0014_0027_0027.jpg 1 68 14 27 27
0380_0017_0039_0064_0064.jpg 1 17 39 64 64
0381_0017_0051_0051_0051.jpg 1 17 51 51 51
0382_0026_0049_0024_0024.jpg 1 26 49 24 24
0383_0017_0063_0042_0042.jpg 1 17 63 42 42
0384_0039_0014_0068_0068.jpg 1 39 14 68 68
0385_0031_0014_0058_0058.jpg 1 31 14 58 58
0386_0010_0042_0071_0071.jpg 1 10 42 71 71
0387_0054_0011_0043_0043.jpg 1 54 11 43 43
0388_0010_0017_0088_0088.jpg 1 10 17 88 88
0389_0018_0066_0027_0027.jpg 1 18 66 27 27
0390_0047_0043_0041_0041.jpg 1 47 43 41 41
0391_0064_0020_0040_0040.jpg 1 64 20 40 40
0392_0037_0041_0054_0054.jpg 1 37 41 54 54
0393_0022_0016_0062_0062.jpg 1 22 16 62 62
0394_0028_0005_0083_0083.jpg 1 28 5 83 83
0395_0074_0028_0028_0028.jpg 1 74 28 28 28
0396_0025_0048_0053_0053.jpg 1 25 48 53 53
0397_0058_0059_0044_0044.jpg 1 58 59 44 44
0398_0016_0019_0081_0081.jpg 1 16 19 81 81
0399_0032_0024_0067_0067.jpg 1 32 24 67 67
0400_0019_0009_0083_0083.jpg 1 19 9 83 83
0401_0009_0049_0064_0064.jpg 1 9 49 64 64
0402_0032_0030_0065_0065.jpg 1 32 30 65 65
0403_0035_0015_0081_0081.jpg 1 35 15 81 81
0404_0042_0039_0071_0071.jpg 1 42 39 71 71
0405_0033_0015_0064_0064.jpg 1 33 15 64 64
0406_0043_0065_0034_0034.jpg 1 43 65 34 34
0407_0021_0017_0030_0030.jpg 1 21 17 30 30
0408_0051_0055_0036_0036.jpg 1 51 55 36 36
0409_0007_0028_0052_0052.jpg 1 7 28 52 52
0410_0048_0050_0065_0065.jpg 1 48 50 65 65
0411_0041_0018_0024_0024.jpg 1 41 18 24 24
0412_0023_0009_0034_0034.jpg 1 23 9 34 34
0413_0059_0054_0050_0050.jpg 1 59 54 50 50
0414_0019_0032_0050_0050.jpg 1 19 32 50 50
0415_0010_0043_0058_0058.jpg 1 10 43 58 58
0416_0014_0057_0029_0029.jpg 1 14 57 29 29
0417_0020_0058_0051_0051.jpg 1 20 58 51 51
0418_0024_0060_0048_0048.jpg 1 24 60 48 48
0419_0029_0018_0070_0070.jpg 1 29 18 70 70
0420_0040_0036_0048_0048.jpg 1 40 36 48 48
0421_0049_0017_0064_0064.jpg 1 49 17 64 64
0422_0046_0018_0025_0025.jpg 1 46 18 25 25
0423_0077_0040_0028_0028.jpg 1 77 40 28 28
0424_0024_0068_0037_0037.jpg 1 24 68 37 37
0425_0025_0059_0032_0032.jpg 1 25 59 32 32
0426_0021_0036_0075_0075.jpg 1 21 36 75 75
0427_0038_0017_0054_0054.jpg 1 38 17 54 54
0428_0013_0015_0089_0089.jpg 1 13 15 89 89
0429_0027_0033_0082_0082.jpg 1 27 33 82 82
0430_0021_0067_0043_0043.jpg 1 21 67 43 43
0431_0014_0023_0070_0070.jpg 1 14 23 70 70
0432_0012_0042_0055_0055.jpg 1 12 42 55 55
0433_0055_0029_0051_0051.jpg 1 55 29 51 51
0434_0020_0014_0060_0060.jpg 1 20 14 60 60
0435_0029_0046_0025_0025.jpg 1 29 46 25 25
0436_0019_0010_0065_0065.jpg 1 19 10 65 65
0437_0033_0008_0083_0083.jpg 1 33 8 83 83
0438_0059_0038_0033_0033.jpg 1 59 38 33 33
0439_0011_0010_0073_0073.jpg 1 11 10 73 73
0440_0017_0008_0053_0053.jpg 1 17 8 53 53
0441_0006_0029_0088_0088.jpg 1 6 29 88 88
0442_0024_0026_0089_0089.jpg 1 24 26 89 89
0443_0014_0034_0050_0050.jpg 1 14 34 50 50
0444_0045_0039_0055_0055.jpg 1 45 39 55 55
0445_0008_0030_0085_0085.jpg 1 8 30 85 85
0446_0019_0066_0042_0042.jpg 1 19 66 42 42
0447_0010_0048_0064_0064.jpg 1 10 48 64 64
0448_0063_0017_0031_0031.jpg 1 63 17 31 31
0449_0050_0050_0062_0062.jpg 1 50 50 62 62
0450_0049_0034_0034_0034.jpg 1 49 34 34 34
0451_0025_0037_0060_0060.jpg 1 25 37 60 60
0452_0032_0041_0041_0041.jpg 1 32 41 41 41
0453_0037_0024_0043_0043.jpg 1 37 24 43 43
0454_0033_0017_0041_0041.jpg 1 33 17 41 41
0455_0034_0022_0070_0070.jpg 1 34 22 70 70
0456_0031_0041_0066_0066.jpg 1 31 41 66 66
0457_0069_0020_0037_0037.jpg 1 69 20 37 37
0458_0026_0027_0088_0088.jpg 1 26 27 88 88
0459_0030_0050_0062_0062.jpg 1 30 50 62 62
0460_0049_0041_0029_0029.jpg 1 49 41 29 29
0461_0006_0016_0080_0080.jpg 1 6 16 80 80
0462_0013_0023_0036_0036.jpg 1 13 23 36 36
0463_0054_0019_0053_0053.jpg 1 54 19 53 53
0464_0064_0070_0035_0035.jpg 1 64 70 35 35
0465_0049_0031_0053_0053.jpg 1 49 31 53 53
0466_0076_0056_0027_0027.jpg 1 76 56 27 27
0467_0025_0018_0080_0080.jpg 1 25 18 80 80
0468_0017_0022_0070_0070.jpg 1 17 22 70 70
0469_0013_0015_0087_0087.jpg 1 13 15 87 87
0470_0048_0055_0045_0045.jpg 1 48 55 45 45
0471_0060_0013_0035_0035.jpg 1 60 13 35 35
0472_0015_0018_0056_0056.jpg 1 15 18 56 56
0473_0039_0048_0048_0048.jpg 1 39 48 48 48
0474_0017_0027_0077_0077.jpg 1 17 27 77 77
0475_0024_0040_0069_0069.jpg 1 24 40 69 69
0476_0071_0044_0034_0034.jpg 1 71 44 34 34
0477_0026_0018_0032_0032.jpg 1 26 18 32 32
0478_0014_0034_0039_0039.jpg 1 14 34 39 39
0479_0023_0010_0086_0086.jpg 1 23 10 86 86
0480_0059_0061_0050_0050.jpg 1 59 61 50 50
0481_0019_0014_0048_0048.jpg 1 19 14 48 48
0482_0015_0029_0069_0069.jpg 1 15 29 69 69
0483_0006_0007_0086_0086.jpg 1 6 7 86 86
0484_0020_0046_0053_0053.jpg 1 20 46 53 53
0485_0011_0038_0035_0035.jpg 1 11 38 35 35
0486_0023_0008_0068_0068.jpg 1 23 8 68 68
0487_0028_0054_0035_0035.jpg 1 28 54 35 35
0488_0013_0052_0047_0047.jpg 1 13 52 47 47
0489_0037_0047_0047_0047.jpg 1 37 47 47 47
0490_0023_0023_0030_0030.jpg 1 23 23 30 30
0491_0032_0040_0041_0041.jpg 1 32 40 41 41
0492_0008_0017_0059_0059.jpg 1 8 17 59 59
0493_0015_0026_0062_0062.jpg 1 15 26 62 62
0494_0063_0032_0029_0029.jpg 1 63 32 29 29
0495_0026_0010_0047_0047.jpg 1 26 10 47 47
0496_0024_0024_0087_0087.jpg 1 24 24 87 87
0497_0031_0047_0065_0065.jpg 1 31 47 65 65
0498_0058_0032_0026_0026.jpg 1 58 32 26 26
0499_0018_0021_0036_0036.jpg 1 18 21 36 36
0500_0034_0030_0051_0051.jpg 1 34 30 51 51
0501_0011_0023_0032_0032.jpg 1 11 23 32 32
0502_0026_0017_0053_0053.jpg 1 26 17 53 53
0503_0042_0077_0028_0028.jpg 1 42 77 28 28
0504_0029_0056_0045_0045.jpg 1 29 56 45 45
0505_0011_0037_0076_0076.jpg 1 11 37 76 76
0506_0010_0010_0048_0048.jpg 1 10 10 48 48
0507_0057_0020_0033_0033.jpg 1 57 20 33 33
0508_0024_0005_0088_0088.jpg 1 24 5 88 88
0509_0016_0051_0043_0043.jpg 1 16 51 43 43
0510_0028_0036_0071_0071.jpg 1 28 36 71 71
0511_0013_0007_0087_0087.jpg 1 13 7 87 87
0512_0026_0013_0038_0038.jpg 1 26 13 38 38
0513_0024_0055_0047_0047.jpg 1 24 55 47 47
0514_0035_0012_0063_0063.jpg 1 35 12 63 63
0515_0012_0040_0054_0054.jpg 1 12 40 54 54
0516_0049_0032_0060_0060.jpg 1 49 32 60 60
0517_0033_0013_0043_0043.jpg 1 33 13 43 43
0518_0044_0055_0058_0058.jpg 1 44 55 58 58
0519_0054_0009_0043_0043.jpg 1 54 9 43 43
0520_0027_0017_0032_0032.jpg 1 27 17 32 32
0521_0029_0014_0072_0072.jpg 1 29 14 72 72
0522_0053_0050_0055_0055.jpg 1 53 50 55 55
0523_0031_0026_0050_0050.jpg 1 31 26 50 50
0524_0046_0025_0040_0040.jpg 1 46 25 40 40
0525_0056_0059_0043_0043.jpg 1 56 59 43 43
0526_0025_0067_0040_0040.jpg 1 25 67 40 40
0527_0072_0066_0035_0035.jpg 1 72 66 35 35
0528_0026_0026_0082_0082.jpg 1 26 26 82 82
0529_0024_0051_0053_0053.jpg 1 24 51 53 53
0530_0027_0037_0077_0077.jpg 1 27 37 77 77
0531_0010_0025_0055_0055.jpg 1 10 25 55 55
0532_0028_0010_0079_0079.jpg 1 28 10 79 79
0533_0028_0024_0069_0069.jpg 1 28 24 69 69
0534_0016_0009_0064_0064.jpg 1 16 9 64 64
0535_0043_0059_0040_0040.jpg 1 43 59 40 40
0536_0060_0027_0032_0032.jpg 1 60 27 32 32
0537_0049_0034_0055_0055.jpg 1 49 34 55 55
0538_0031_0032_0072_0072.jpg 1 31 32 72 72
0539_0032_0041_0062_0062.jpg 1 32 41 62 62
0540_0050_0034_0048_0048.jpg 1 50 34 48 48
0541_0068_0060_0039_0039.jpg 1 68 60 39 39
0542_0011_0020_0054_0054.jpg 1 11 20 54 54
0543_0017_0016_0073_0073.jpg 1 17 16 73 73
0544_0025_0031_0081_0081.jpg 1 25 31 81 81
0545_0069_0019_0041_0041.jpg 1 69 19 41 41
0546_0049_0018_0052_0052.jpg 1 49 18 52 52
0547_0034_0053_0050_0050.jpg 1 34 53 50 50
0548_0017_0008_0089_0089.jpg 1 17 8 89 89
0549_0071_0061_0030_0030.jpg 1 71 61 30 30
0550_0040_0009_0047_0047.jpg 1 40 9 47 47
0551_0032_0008_0071_0071.jpg 1 32 8 71 71
0552_0028_0039_0046_0046.jpg 1 28 39 46 46
0553_0005_0008_0074_0074.jpg 1 5 8 74 74
0554_0036_0032_0069_0069.jpg 1 36 32 69 69
0555_0035_0015_0054_0054.jpg 1 35 15 54 54
0556_0027_0073_0031_0031.jpg 1 27 73 31 31
0557_0024_0029_0084_0084.jpg 1 24 29 84 84
0558_0026_0033_0083_0083.jpg 1 26 33 83 83
0559_0013_0034_0067_0067.jpg 1 13 34 67 67
0560_0036_0021_0051_0051.jpg 1 36 21 51 51
0561_0012_0005_0085_0085.jpg 1 12 5 85 85
0562_0017_0027_0065_0065.jpg 1 17 27 65 65
0563_0066_0050_0033_0033.jpg 1 66 50 33 33
0564_0008_0029_0081_0081.jpg 1 8 29 81 81
0565_0021_0028_0026_0026.jpg 1 21 28 26 26
0566_0038_0014_0073_0073.jpg 1 38 14 73 73
0567_0056_0042_0044_0044.jpg 1 56 42 44 44
0568_0009_0015_0046_0046.jpg 1 9 15 46 46
0569_0031_0034_0082_0082.jpg 1 31 34 82 82
0570_0028_0030_0075_0075.jpg 1 28 30 75 75
0571_0032_0025_0068_0068.jpg 1 32 25 68 68
0572_0034_0042_0065_0065.jpg 1 34 42 65 65
0573_0022_0018_0079_0079.jpg 1 22 18 79 79
0574_0019_0011_0088_0088.jpg 1 19 11 88 88
0575_0014_0061_0046_0046.jpg 1 14 61 46 46
0576_0035_0035_0061_0061.jpg 1 35 35 61 61
0577_0023_0023_0058_0058.jpg 1 23 23 58 58
0578_0017_0006_0083_0083.jpg 1 17 6 83 83
0579_0049_0042_0047_0047.jpg 1 49 42 47 47
0580_0018_0042_0074_0074.jpg 1 18 42 74 74
0581_0064_0062_0025_0025.jpg 1 64 62 25 25
0582_0016_0029_0088_0088.jpg 1 16 29 88 88
0583_0062_0052_0027_0027.jpg 1 62 52 27 27
0584_0045_0022_0049_0049.jpg 1 45 22 49 49
0585_0047_0009_0066_0066.jpg 1 47 9 66 66
0586_0066_0032_0024_0024.jpg 1 66 32 24 24
0587_0033_0035_0052_0052.jpg 1 33 35 52 52
0588_0013_0046_0067_0067.jpg 1 13 46 67 67
0589_0058_0023_0026_0026.jpg 1 58 23 26 26
0590_0010_0020_0073_0073.jpg 1 10 20 73 73
0591_0077_0058_0031_0031.jpg 1 77 58 31 31
0592_0063_0051_0039_0039.jpg 1 63 51 39 39
0593_0043_0048_0064_0064.jpg 1 43 48 64 64
0594_0022_0026_0079_0079.jpg 1 22 26 79 79
0595_0029_0014_0081_0081.jpg 1 29 14 81 81
0596_0040_0028_0036_0036.jpg 1 40 28 36 36
0597_0012_0047_0043_0043.jpg 1 12 47 43 43
0598_0061_0033_0051_0051.jpg 1 61 33 51 51
0599_0025_0018_0082_0082.jpg 1 25 18 82 82
0600_0009_0015_0081_0081.jpg 1 9 15 81 81
0601_0008_0032_0066_0066.jpg 1 8 32 66 66
0602_0057_0057_0049_0049.jpg 1 57 57 49 49
0603_0036_0015_0059_0059.jpg 1 36 15 59 59
0604_0031_0035_0079_0079.jpg 1 31 35 79 79
0605_0031_0029_0034_0034.jpg 1 31 29 34 34
0606_0030_0043_0064_0064.jpg 1 30 43 64 64
0607_0023_0048_0057_0057.jpg 1 23 48 57 57
0608_0071_0039_0035_0035.jpg 1 71 39 35 35
0609_0032_0013_0042_0042.jpg 1 32 13 42 42
0610_0034_0019_0084_0084.jpg 1 34 19 84 84
0611_0010_0046_0065_0065.jpg 1 10 46 65 65
0612_0034_0023_0080_0080.jpg 1 34 23 80 80
0613_0014_0070_0024_0024.jpg 1 14 70 24 24
0614_0027_0032_0069_0069.jpg 1 27 32 69 69
0615_0009_0029_0080_0080.jpg 1 9 29 80 80
0616_0036_0075_0031_0031.jpg 1 36 75 31 31
0617_0052_0020_0059_0059.jpg 1 52 20 59 59
0618_0025_0047_0040_0040.jpg 1 25 47 40 40
0619_0020_0016_0031_0031.jpg 1 20 16 31 31
0620_0025_0039_0068_0068.jpg 1 25 39 68 68
0621_0018_0020_0083_0083.jpg 1 18 20 83 83
0622_0052_0052_0046_0046.jpg 1 52 52 46 46
0623_0018_0073_0032_0032.jpg 1 18 73 32 32
0624_0035_0032_0077_0077.jpg 1 35 32 77 77
0625_0016_0033_0071_0071.jpg 1 16 33 71 71
0626_0011_0032_0067_0067.jpg 1 11 32 67 67
0627_0034_0029_0085_0085.jpg 1 34 29 85 85
0628_0009_0021_0066_0066.jpg 1 9 21 66 66
0629_0060_0026_0048_0048.jpg 1 60 26 48 48
0630_0047_0017_0041_0041.jpg 1 47 17 41 41
0631_0009_0041_0046_0046.jpg 1 9 41 46 46
0632_0018_0013_0084_0084.jpg 1 18 13 84 84
0633_0042_0065_0027_0027.jpg 1 42 65 27 27
0634_0015_0024_0055_0055.jpg 1 15 24 55 55
0635_0060_0037_0044_0044.jpg 1 60 37 44 44
0636_0049_0056_0053_0053.jpg 1 49 56 53 53
0637_0013_0010_0059_0059.jpg 1 13 10 59 59
0638_0026_0035_0063_0063.jpg 1 26 35 63 63
0639_0039_0010_0068_0068.jpg 1 39 10 68 68
0640_0023_0023_0081_0081.jpg 1 23 23 81 81
0641_0058_0077_0026_0026.jpg 1 58 77 26 26
0642_0032_0012_0049_0049.jpg 1 32 12 49 49
0643_0056_0030_0050_0050.jpg 1 56 30 50 50
0644_0025_0038_0032_0032.jpg 1 25 38 32 32
0645_0047_0074_0028_0028.jpg 1 47 74 28 28
0646_0010_0017_0086_0086.jpg 1 10 17 86 86
0647_0017_0017_0081_0081.jpg 1 17 17 81 81
0648_0015_0020_0030_0030.jpg 1 15 20 30 30
0649_0028_0025_0087_0087.jpg 1 28 25 87 87
0650_0033_0034_0054_0054.jpg 1 33 34 54 54
0651_0045_0044_0047_0047.jpg 1 45 44 47 47
0652_0043_0028_0030_0030.jpg 1 43 28 30 30
0653_0041_0013_0058_0058.jpg 1 41 13 58 58
0654_0041_0064_0031_0031.jpg 1 41 64 31 31
0655_0056_0053_0054_0054.jpg 1 56 53 54 54
0656_0047_0071_0033_0033.jpg 1 47 71 33 33
0657_0077_0060_0031_0031.jpg 1 77 60 31 31
0658_0013_0004_0085_0085.jpg 1 13 4 85 85
0659_0012_0013_0065_0065.jpg 1 12 13 65 65
0660_0025_0044_0065_0065.jpg 1 25 44 65 65
0661_0029_0023_0082_0082.jpg 1 29 23 82 82
0662_0046_0029_0054_0054.jpg 1 46 29 54 54
0663_0035_0009_0039_0039.jpg 1 35 9 39 39
0664_0047_0069_0030_0030.jpg 1 47 69 30 30
0665_0026_0017_0046_0046.jpg 1 26 17 46 46
0666_0014_0018_0081_0081.jpg 1 14 18 81 81
0667_0023_0059_0038_0038.jpg 1 23 59 38 38
0668_0024_0030_0058_0058.jpg 1 24 30 58 58
0669_0016_0017_0086_0086.jpg 1 16 17 86 86
0670_0041_0007_0066_0066.jpg 1 41 7 66 66
0671_0032_0011_0026_0026.jpg 1 32 11 26 26
0672_0039_0053_0033_0033.jpg 1 39 53 33 33
0673_0050_0030_0037_0037.jpg 1 50 30 37 37
0674_0023_0046_0024_0024.jpg 1 23 46 24 24
0675_0054_0012_0042_0042.jpg 1 54 12 42 42
0676_0033_0009_0083_0083.jpg 1 33 9 83 83
0677_0010_0017_0089_0089.jpg 1 10 17 89 89
0678_0073_0011_0024_0024.jpg 1 73 11 24 24
0679_0018_0020_0061_0061.jpg 1 18 20 61 61
0680_0036_0019_0078_0078.jpg 1 36 19 78 78
0681_0030_0044_0026_0026.jpg 1 30 44 26 26
0682_0043_0074_0034_0034.jpg 1 43 74 34 34
0683_0031_0013_0084_0084.jpg 1 31 13 84 84
0684_0022_0046_0029_0029.jpg 1 22 46 29 29
0685_0040_0068_0041_0041.jpg 1 40 68 41 41
0686_0053_0016_0034_0034.jpg 1 53 16 34 34
0687_0050_0013_0059_0059.jpg 1 50 13 59 59
0688_0034_0013_0041_0041.jpg 1 34 13 41 41
0689_0014_0021_0089_0089.jpg 1 14 21 89 89
0690_0009_0030_0078_0078.jpg 1 9 30 78 78
0691_0046_0032_0049_0049.jpg 1 46 32 49 49
0692_0011_0044_0054_0054.jpg 1 11 44 54 54
0693_0011_0033_0059_0059.jpg 1 11 33 59 59
0694_0018_0018_0086_0086.jpg 1 18 18 86 86
0695_0061_0053_0049_0049.jpg 1 61 53 49 49
0696_0037_0045_0028_0028.jpg 1 37 45 28 28
0697_0054_0027_0051_0051.jpg 1 54 27 51 51
0698_0018_0020_0086_0086.jpg 1 18 20 86 86
0699_0039_0038_0066_0066.jpg 1 39 38 66 66
0700_0018_0016_0089_0089.jpg 1 18 16 89 89
0701_0046_0047_0067_0067.jpg 1 46 47 67 67
0702_0015_0035_0065_0065.jpg 1 15 35 65 65
0703_0018_0032_0031_0031.jpg 1 18 32 31 31
0704_0039_0028_0072_0072.jpg 1 39 28 72 72
0705_0016_0028_0084_0084.jpg 1 16 28 84 84
0706_0026_0046_0061_0061.jpg 1 26 46 61 61
0707_0053_0047_0024_0024.jpg 1 53 47 24 24
0708_0048_0038_0062_0062.jpg 1 48 38 62 62
0709_0038_0051_0057_0057.jpg 1 38 51 57 57
0710_0052_0053_0054_0054.jpg 1 52 53 54 54
0711_0050_0009_0054_0054.jpg 1 50 9 54 54
0712_0039_0035_0077_0077.jpg 1 39 35 77 77
0713_0024_0030_0079_0079.jpg 1 24 30 79 79
0714_0020_0030_0079_0079.jpg 1 20 30 79 79
0715_0016_0042_0036_0036.jpg 1 16 42 36 36
0716_0036_0050_0058_0058.jpg 1 36 50 58 58
0717_0031_0029_0066_0066.jpg 1 31 29 66 66
0718_0027_0034_0072_0072.jpg 1 27 34 72 72
0719_0018_0012_0068_0068.jpg 1 18 12 68 68
0720_0012_0010_0069_0069.jpg 1 12 10 69 69
0721_0009_0009_0088_0088.jpg 1 9 9 88 88
0722_0032_0013_0044_0044.jpg 1 32 13 44 44
0723_0069_0050_0031_0031.jpg 1 69 50 31 31
0724_0056_0053_0031_0031.jpg 1 56 53 31 31
0725_0045_0042_0043_0043.jpg 1 45 42 43 43
0726_0022_0036_0071_0071.jpg 1 22 36 71 71
0727_0045_0056_0056_0056.jpg 1 45 56 56 56
0728_0011_0039_0059_0059.jpg 1 11 39 59 59
0729_0036_0026_0032_0032.jpg 1 36 26 32 32
0730_0009_0017_0037_0037.jpg 1 9 17 37 37
0731_0056_0028_0053_0053.jpg 1 56 28 53 53
0732_0032_0027_0044_0044.jpg 1 32 27 44 44
0733_0032_0049_0037_0037.jpg 1 32 49 37 37
0734_0035_0036_0081_0081.jpg 1 35 36 81 81
0735_0022_0029_0086_0086.jpg 1 22 29 86 86
0736_0017_0014_0028_0028.jpg 1 17 14 28 28
0737_0037_0044_0026_0026.jpg 1 37 44 26 26
0738_0008_0032_0079_0079.jpg 1 8 32 79 79
0739_0032_0037_0072_0072.jpg 1 32 37 72 72
0740_0058_0009_0054_0054.jpg 1 58 9 54 54
0741_0008_0049_0064_0064.jpg 1 8 49 64 64
0742_0062_0062_0035_0035.jpg 1 62 62 35 35
0743_0022_0007_0062_0062.jpg 1 22 7 62 62
0744_0014_0011_0047_0047.jpg 1 14 11 47 47
0745_0030_0062_0044_0044.jpg 1 30 62 44 44
0746_0030_0032_0069_0069.jpg 1 30 32 69 69
0747_0012_0061_0028_0028.jpg 1 12 61 28 28
0748_0033_0016_0035_0035.jpg 1 33 16 35 35
0749_0004_0018_0087_0087.jpg 1 4 18 87 87
0750_0020_0026_0052_0052.jpg 1 20 26 52 52
0751_0045_0034_0048_0048.jpg 1 45 34 48 48
0752_0036_0033_0066_0066.jpg 1 36 33 66 66
0753_0013_0039_0032_0032.jpg 1 13 39 32 32
0754_0019_0033_0048_0048.jpg 1 19 33 48 48
0755_0068_0048_0035_0035.jpg 1 68 48 35 35
0756_0020_0009_0069_0069.jpg 1 20 9 69 69
0757_0015_0014_0061_0061.jpg 1 15 14 61 61
0758_0007_0017_0074_0074.jpg 1 7 17 74 74
0759_0020_0021_0062_0062.jpg 1 20 21 62 62
0760_0057_0030_0036_0036.jpg 1 57 30 36 36
0761_0013_0047_0056_0056.jpg 1 13 47 56 56
0762_0012_0035_0053_0053.jpg 1 12 35 53 53
0763_0017_0015_0046_0046.jpg 1 17 15 46 46
0764_0041_0017_0053_0053.jpg 1 41 17 53 53
0765_0037_0019_0066_0066.jpg 1 37 19 66 66
0766_0022_0030_0042_0042.jpg 1 22 30 42 42
0767_0064_0077_0029_0029.jpg 1 64 77 29 29
0768_0018_0023_0063_0063.jpg 1 18 23 63 63
0769_0009_0005_0077_0077.jpg 1 9 5 77 77
0770_0040_0042_0053_0053.jpg 1 40 42 53 53
0771_0025_0009_0068_0068.jpg 1 25 9 68 68
0772_0081_0037_0026_0026.jpg 1 81 37 26 26
0773_0041_0061_0040_0040.jpg 1 41 61 40 40
0774_0032_0018_0082_0082.jpg 1 32 18 82 82
0775_0034_0036_0079_0079.jpg 1 34 36 79 79
0776_0011_0036_0046_0046.jpg 1 11 36 46 46
0777_0076_0044_0029_0029.jpg 1 76 44 29 29
0778_0008_0027_0054_0054.jpg 1 8 27 54 54
0779_0070_0052_0035_0035.jpg 1 70 52 35 35
0780_0020_0055_0051_0051.jpg 1 20 55 51 51
0781_0037_0042_0061_0061.jpg 1 37 42 61 61
0782_0019_0030_0061_0061.jpg 1 19 30 61 61
0783_0012_0033_0085_0085.jpg 1 12 33 85 85
0784_0015_0049_0065_0065.jpg 1 15 49 65 65
0785_0007_0038_0060_0060.jpg 1 7 38 60 60
0786_0053_0025_0058_0058.jpg 1 53 25 58 58
0787_0026_0029_0075_0075.jpg 1 26 29 75 75
0788_0037_0007_0070_0070.jpg 1 37 7 70 70
0789_0026_0029_0075_0075.jpg 1 26 29 75 75
0790_0008_0008_0075_0075.jpg 1 8 8 75 75
0791_0030_0009_0036_0036.jpg 1 30 9 36 36
0792_0041_0050_0044_0044.jpg 1 41 50 44 44
0793_0043_0030_0040_0040.jpg 1 43 30 40 40
0794_0058_0064_0037_0037.jpg 1 58 64 37 37
0795_0018_0029_0087_0087.jpg 1 18 29 87 87
0796_0067_0032_0031_0031.jpg 1 67 32 31 31
0797_0047_0009_0058_0058.jpg 1 47 9 58 58
0798_0029_0049_0034_0034.jpg 1 29 49 34 34
0799_0073_0053_0024_0024.jpg 1 73 53 24 24
0800_0036_0040_0075_0075.jpg 1 36 40 75 75
0801_0070_0046_0037_0037.jpg 1 70 46 37 37
0802_0031_0044_0069_0069.jpg 1 31 44 69 69
0803_0017_0005_0077_0077.jpg 1 17 5 77 77
0804_0010_0040_0056_0056.jpg 1 10 40 56 56
0805_0013_0017_0060_0060.jpg 1 13 17 60 60
0806_0034_0079_0026_0026.jpg 1 34 79 26 26
0807_0013_0038_0072_0072.jpg 1 13 38 72 72
0808_0011_0011_0076_0076.jpg 1 11 11 76 76
0809_0018_0030_0053_0053.jpg 1 18 30 53 53
0810_0032_0020_0087_0087.jpg 1 32 20 87 87
0811_0029_0049_0045_0045.jpg 1 29 49 45 45
0812_0056_0016_0032_0032.jpg 1 56 16 32 32
0813_0024_0027_0083_0083.jpg 1 24 27 83 83
0814_0011_0021_0079_0079.jpg 1 11 21 79 79
0815_0012_0033_0024_0024.jpg 1 12 33 24 24
0816_0006_0025_0086_0086.jpg 1 6 25 86 86
0817_0012_0033_0070_0070.jpg 1 12 33 70 70
0818_0046_0015_0055_0055.jpg 1 46 15 55 55
0819_0046_0033_0063_0063.jpg 1 46 33 63 63
0820_0018_0027_0062_0062.jpg 1 18 27 62 62
0821_0034_0025_0067_0067.jpg 1 34 25 67 67
0822_0008_0021_0075_0075.jpg 1 8 21 75 75
0823_0007_0007_0056_0056.jpg 1 7 7 56 56
0824_0009_0029_0076_0076.jpg 1 9 29 76 76
0825_0010_0034_0041_0041.jpg 1 10 34 41 41
0826_0053_0081_0024_0024.jpg 1 53 81 24 24
0827_0050_0021_0059_0059.jpg 1 50 21 59 59
0828_0015_0008_0060_0060.jpg 1 15 8 60 60
0829_0046_0029_0024_0024.jpg 1 46 29 24 24
0830_0012_0013_0058_0058.jpg 1 12 13 58 58
0831_0028_0018_0056_0056.jpg 1 28 18 56 56
0832_0011_0005_0084_0084.jpg 1 11 5 84 84
0833_0027_0031_0085_0085.jpg 1 27 31 85 85
0834_0017_0006_0076_0076.jpg 1 17 6 76 76
0835_0062_0019_0040_0040.jpg 1 62 19 40 40
0836_0048_0042_0064_0064.jpg 1 48 42 64 64
0837_0024_0009_0088_0088.jpg 1 24 9 88 88
0838_0026_0050_0043_0043.jpg 1 26 50 43 43
0839_0045_0014_0050_0050.jpg 1 45 14 50 50
0840_0036_0026_0081_0081.jpg 1 36 26 81 81
0841_0020_0022_0036_0036.jpg 1 20 22 36 36
0842_0025_0050_0029_0029.jpg 1 25 50 29 29
0843_0012_0006_0079_0079.jpg 1 12 6 79 79
0844_0043_0016_0064_0064.jpg 1 43 16 64 64
0845_0011_0029_0088_0088.jpg 1 11 29 88 88
0846_0047_0046_0048_0048.jpg 1 47 46 48 48
0847_0037_0030_0068_0068.jpg 1 37 30 68 68
0848_0030_0020_0087_0087.jpg 1 30 20 87 87
0849_0033_0053_0031_0031.jpg 1 33 53 31 31
0850_0007_0020_0084_0084.jpg 1 7 20 84 84
0851_0014_0030_0076_0076.jpg 1 14 30 76 76
0852_0012_0027_0086_0086.jpg 1 12 27 86 86
0853_0012_0011_0059_0059.jpg 1 12 11 59 59
0854_0010_0016_0027_0027.jpg 1 10 16 27 27
0855_0012_0020_0036_0036.jpg 1 12 20 36 36
0856_0009_0019_0087_0087.jpg 1 9 19 87 87
0857_0040_0039_0037_0037.jpg 1 40 39 37 37
0858_0010_0021_0036_0036.jpg 1 10 21 36 36
0859_0040_0014_0050_0050.jpg 1 40 14 50 50
0860_0008_0020_0059_0059.jpg 1 8 20 59 59
0861_0009_0013_0089_0089.jpg 1 9 13 89 89
0862_0052_0045_0052_0052.jpg 1 52 45 52 52
0863_0033_0024_0083_0083.jpg 1 33 24 83 83
0864_0040_0024_0073_0073.jpg 1 40 24 73 73
0865_0032_0025_0044_0044.jpg 1 32 25 44 44
0866_0021_0013_0068_0068.jpg 1 21 13 68 68
0867_0012_0017_0047_0047.jpg 1 12 17 47 47
0868_0004_0014_0082_0082.jpg 1 4 14 82 82
0869_0028_0024_0058_0058.jpg 1 28 24 58 58
0870_0049_0068_0028_0028.jpg 1 49 68 28 28
0871_0032_0049_0033_0033.jpg 1 32 49 33 33
0872_0041_0075_0026_0026.jpg 1 41 75 26 26
0873_0068_0056_0024_0024.jpg 1 68 56 24 24
0874_0029_0048_0057_0057.jpg 1 29 48 57 57
0875_0024_0021_0048_0048.jpg 1 24 21 48 48
0876_0036_0031_0057_0057.jpg 1 36 31 57 57
0877_0016_0041_0073_0073.jpg 1 16 41 73 73
0878_0008_0009_0081_0081.jpg 1 8 9 81 81
0879_0017_0037_0081_0081.jpg 1 17 37 81 81
0880_0027_0064_0032_0032.jpg 1 27 64 32 32
0881_0006_0004_0087_0087.jpg 1 6 4 87 87
0882_0049_0039_0061_0061.jpg 1 49 39 61 61
0883_0017_0055_0053_0053.jpg 1 17 55 53 53
0884_0016_0033_0066_0066.jpg 1 16 33 66 66
0885_0053_0055_0053_0053.jpg 1 53 55 53 53
0886_0036_0056_0055_0055.jpg 1 36 56 55 55
0887_0015_0077_0029_0029.jpg 1 15 77 29 29
0888_0041_0009_0067_0067.jpg 1 41 9 67 67
0889_0044_0021_0057_0057.jpg 1 44 21 57 57
0890_0055_0009_0054_0054.jpg 1 55 9 54 54
0891_0027_0068_0042_0042.jpg 1 27 68 42 42
0892_0052_0022_0056_0056.jpg 1 52 22 56 56
0893_0024_0078_0027_0027.jpg 1 24 78 27 27
0894_0018_0022_0066_0066.jpg 1 18 22 66 66
0895_0071_0064_0028_0028.jpg 1 71 64 28 28
0896_0019_0029_0065_0065.jpg 1 19 29 65 65
0897_0017_0016_0063_0063.jpg 1 17 16 63 63
0898_0024_0021_0070_0070.jpg 1 24 21 70 70
0899_0030_0019_0064_0064.jpg 1 30 19 64 64
0900_0017_0008_0088_0088.jpg 1 17 8 88 88
0901_0008_0027_0078_0078.jpg 1 8 27 78 78
0902_0015_0020_0080_0080.jpg 1 15 20 80 80
0903_0011_0017_0056_0056.jpg 1 11 17 56 56
0904_0020_0032_0032_0032.jpg 1 20 32 32 32
0905_0048_0039_0035_0035.jpg 1 48 39 35 35
0906_0031_0032_0077_0077.jpg 1 31 32 77 77
0907_0025_0026_0046_0046.jpg 1 25 26 46 46
0908_0036_0073_0028_0028.jpg 1 36 73 28 28
0909_0031_0034_0052_0052.jpg 1 31 34 52 52
0910_0016_0011_0051_0051.jpg 1 16 11 51 51
0911_0049_0016_0032_0032.jpg 1 49 16 32 32
0912_0034_0044_0034_0034.jpg 1 34 44 34 34
0913_0026_0035_0081_0081.jpg 1 26 35 81 81
0914_0032_0022_0042_0042.jpg 1 32 22 42 42
0915_0011_0051_0054_0054.jpg 1 11 51 54 54
0916_0047_0015_0051_0051.jpg 1 47 15 51 51
0917_0051_0050_0025_0025.jpg 1 51 50 25 25
0918_0020_0052_0045_0045.jpg 1 20 52 45 45
0919_0034_0017_0035_0035.jpg 1 34 17 35 35
0920_0004_0017_0086_0086.jpg 1 4 17 86 86
0921_0051_0035_0058_0058.jpg 1 51 35 58 58
0922_0046_0012_0058_0058.jpg 1 46 12 58 58
0923_0033_0035_0075_0075.jpg 1 33 35 75 75
0924_0016_0044_0065_0065.jpg 1 16 44 65 65
0925_0064_0025_0041_0041.jpg 1 64 25 41 41
0926_0051_0007_0054_0054.jpg 1 51 7 54 54
0927_0042_0046_0066_0066.jpg 1 42 46 66 66
0928_0019_0045_0038_0038.jpg 1 19 45 38 38
0929_0012_0039_0077_0077.jpg 1 12 39 77 77
0930_0020_0047_0065_0065.jpg 1 20 47 65 65
0931_0038_0026_0044_0044.jpg 1 38 26 44 44
0932_0049_0074_0034_0034.jpg 1 49 74 34 34
0933_0021_0044_0034_0034.jpg 1 21 44 34 34
0934_0054_0019_0032_0032.jpg 1 54 19 32 32
0935_0010_0037_0040_0040.jpg 1 10 37 40 40
0936_0016_0058_0037_0037.jpg 1 16 58 37 37
0937_0017_0007_0080_0080.jpg 1 17 7 80 80
0938_0063_0052_0033_0033.jpg 1 63 52 33 33
0939_0077_0043_0028_0028.jpg 1 77 43 28 28
0940_0012_0069_0035_0035.jpg 1 12 69 35 35
0941_0033_0009_0041_0041.jpg 1 33 9 41 41
0942_0039_0010_0072_0072.jpg 1 39 10 72 72
0943_0048_0010_0055_0055.jpg 1 48 10 55 55
0944_0022_0030_0089_0089.jpg 1 22 30 89 89
0945_0019_0054_0058_0058.jpg 1 19 54 58 58
0946_0035_0056_0048_0048.jpg 1 35 56 48 48
0947_0048_0038_0033_0033.jpg 1 48 38 33 33
0948_0068_0044_0037_0037.jpg 1 68 44 37 37
0949_0024_0016_0066_0066.jpg 1 24 16 66 66
0950_0022_0013_0058_0058.jpg 1 22 13 58 58
0951_0016_0026_0089_0089.jpg 1 16 26 89 89
0952_0012_0004_0085_0085.jpg 1 12 4 85 85
0953_0071_0010_0037_0037.jpg 1 71 10 37 37
0954_0031_0019_0050_0050.jpg 1 31 19 50 50
0955_0024_0046_0039_0039.jpg 1 24 46 39 39
0956_0026_0009_0073_0073.jpg 1 26 9 73 73
0957_0062_0045_0049_0049.jpg 1 62 45 49 49
0958_0026_0020_0051_0051.jpg 1 26 20 51 51
0959_0027_0008_0083_0083.jpg 1 27 8 83 83
0960_0030_0030_0089_0089.jpg 1 30 30 89 89
0961_0009_0044_0043_0043.jpg 1 9 44 43 43
0962_0065_0072_0028_0028.jpg 1 65 72 28 28
0963_0007_0026_0070_0070.jpg 1 7 26 70 70
0964_0040_0017_0057_0057.jpg 1 40 17 57 57
0965_0037_0026_0048_0048.jpg 1 37 26 48 48
0966_0013_0051_0024_0024.jpg 1 13 51 24 24
0967_0032_0027_0064_0064.jpg 1 32 27 64 64
0968_0075_0024_0025_0025.jpg 1 75 24 25 25
0969_0029_0024_0078_0078.jpg 1 29 24 78 78
0970_0042_0062_0033_0033.jpg 1 42 62 33 33
0971_0013_0006_0071_0071.jpg 1 13 6 71 71
0972_0016_0012_0065_0065.jpg 1 16 12 65 65
0973_0042_0062_0031_0031.jpg 1 42 62 31 31
0974_0031_0005_0078_0078.jpg 1 31 5 78 78
0975_0070_0016_0032_0032.jpg 1 70 16 32 32
0976_0049_0054_0057_0057.jpg 1 49 54 57 57
0977_0026_0009_0059_0059.jpg 1 26 9 59 59
0978_0064_0010_0046_0046.jpg 1 64 10 46 46
0979_0038_0069_0029_0029.jpg 1 38 69 29 29
0980_0029_0031_0081_0081.jpg 1 29 31 81 81
0981_0019_0012_0078_0078.jpg 1 19 12 78 78
0982_0037_0039_0057_0057.jpg 1 37 39 57 57
0983_0048_0040_0064_0064.jpg 1 48 40 64 64
0984_0062_0012_0043_0043.jpg 1 62 12 43 43
0985_0046_0011_0060_0060.jpg 1 46 11 60 60
0986_0039_0010_0078_0078.jpg 1 39 10 78 78
0987_0076_0076_0031_0031.jpg 1 76 76 31 31
0988_0045_0008_0067_0067.jpg 1 45 8 67 67
0989_0079_0017_0026_0026.jpg 1 79 17 26 26
0990_0015_0042_0042_0042.jpg 1 15 42 42 42
0991_0042_0007_0064_0064.jpg 1 42 7 64 64
0992_0048_0021_0058_0058.jpg 1 48 21 58 58
0993_0039_0029_0028_0028.jpg 1 39 29 28 28
0994_0032_0027_0075_0075.jpg 1 32 27 75 75
0995_0039_0022_0069_0069.jpg 1 39 22 69 69
0996_0034_0023_0034_0034.jpg 1 34 23 34 34
0997_0022_0053_0052_0052.jpg 1 22 53 52 52
0998_0007_0008_0082_0082.jpg 1 7 8 82 82
0999_0008_0054_0047_0047.jpg 1 8 54 47 47
1000_0054_0049_0036_0036.jpg 1 54 49 36 36
1001_0022_0009_0085_0085.jpg 1 22 9 85 85
1002_0064_0017_0033_0033.jpg 1 64 17 33 33
1003_0016_0012_0076_0076.jpg 1 16 12 76 76
1004_0026_0033_0030_0030.jpg 1 26 33 30 30
1005_0008_0044_0063_0063.jpg 1 8 44 63 63
1006_0018_0019_0060_0060.jpg 1 18 19 60 60
1007_0038_0010_0054_0054.jpg 1 38 10 54 54
1008_0014_0054_0055_0055.jpg 1 14 54 55 55
1009_0014_0008_0078_0078.jpg 1 14 8 78 78
1010_0019_0045_0043_0043.jpg 1 19 45 43 43
1011_0008_0038_0066_0066.jpg 1 8 38 66 66
1012_0027_0025_0075_0075.jpg 1 27 25 75 75
1013_0038_0025_0035_0035.jpg 1 38 25 35 35
1014_0041_0014_0051_0051.jpg 1 41 14 51 51
1015_0033_0025_0048_0048.jpg 1 33 25 48 48
1016_0006_0035_0078_0078.jpg 1 6 35 78 78
1017_0029_0038_0049_0049.jpg 1 29 38 49 49
1018_0039_0047_0066_0066.jpg 1 39 47 66 66
1019_0078_0052_0028_0028.jpg 1 78 52 28 28
1020_0014_0018_0064_0064.jpg 1 14 18 64 64
1021_0036_0014_0050_0050.jpg 1 36 14 50 50
1022_0006_0017_0072_0072.jpg 1 6 17 72 72
1023_0023_0014_0053_0053.jpg 1 23 14 53 53
1024_0025_0021_0087_0087.jpg 1 25 21 87 87
1025_0051_0029_0056_0056.jpg 1 51 29 56 56
1026_0041_0047_0052_0052.jpg 1 41 47 52 52
1027_0011_0026_0058_0058.jpg 1 11 26 58 58
1028_0060_0042_0035_0035.jpg 1 60 42 35 35
1029_0038_0048_0043_0043.jpg 1 38 48 43 43
1030_0041_0010_0041_0041.jpg 1 41 10 41 41
1031_0072_0042_0024_0024.jpg 1 72 42 24 24
1032_0038_0037_0039_0039.jpg 1 38 37 39 39
1033_0029_0025_0069_0069.jpg 1 29 25 69 69
1034_0037_0037_0069_0069.jpg 1 37 37 69 69
1035_0039_0047_0038_0038.jpg 1 39 47 38 38
1036_0012_0016_0056_0056.jpg 1 12 16 56 56
1037_0032_0006_0069_0069.jpg 1 32 6 69 69
1038_0022_0075_0028_0028.jpg 1 22 75 28 28
1039_0025_0027_0049_0049.jpg 1 25 27 49 49
1040_0016_0016_0033_0033.jpg 1 16 16 33 33
1041_0020_0030_0053_0053.jpg 1 20 30 53 53
1042_0033_0043_0056_0056.jpg 1 33 43 56 56
1043_0021_0027_0077_0077.jpg 1 21 27 77 77
1044_0048_0021_0025_0025.jpg 1 48 21 25 25
1045_0012_0011_0038_0038.jpg 1 12 11 38 38
1046_0027_0059_0043_0043.jpg 1 27 59 43 43
1047_0023_0006_0061_0061.jpg 1 23 6 61 61
1048_0044_0040_0029_0029.jpg 1 44 40 29 29
1049_0022_0033_0086_0086.jpg 1 22 33 86 86
1050_0080_0047_0027_0027.jpg 1 80 47 27 27
1051_0011_0033_0086_0086.jpg 1 11 33 86 86
1052_0007_0009_0081_0081.jpg 1 7 9 81 81
1053_0042_0063_0027_0027.jpg 1 42 63 27 27
1054_0032_0040_0056_0056.jpg 1 32 40 56 56
1055_0050_0049_0048_0048.jpg 1 50 49 48 48
1056_0011_0039_0044_0044.jpg 1 11 39 44 44
1057_0046_0050_0024_0024.jpg 1 46 50 24 24
1058_0013_0020_0057_0057.jpg 1 13 20 57 57
1059_0043_0025_0054_0054.jpg 1 43 25 54 54
1060_0012_0037_0059_0059.jpg 1 12 37 59 59
1061_0014_0014_0056_0056.jpg 1 14 14 56 56
1062_0044_0052_0036_0036.jpg 1 44 52 36 36
1063_0049_0049_0062_0062.jpg 1 49 49 62 62
1064_0035_0015_0064_0064.jpg 1 35 15 64 64
1065_0035_0025_0069_0069.jpg 1 35 25 69 69
1066_0041_0042_0057_0057.jpg 1 41 42 57 57
1067_0033_0017_0067_0067.jpg 1 33 17 67 67
1068_0043_0019_0048_0048.jpg 1 43 19 48 48
1069_0061_0052_0028_0028.jpg 1 61 52 28 28
1070_0047_0022_0029_0029.jpg 1 47 22 29 29
1071_0043_0034_0072_0072.jpg 1 43 34 72 72
1072_0021_0027_0075_0075.jpg 1 21 27 75 75
1073_0030_0006_0083_0083.jpg 1 30 6 83 83
1074_0050_0040_0047_0047.jpg 1 50 40 47 47
1075_0029_0039_0043_0043.jpg 1 29 39 43 43
1076_0012_0043_0073_0073.jpg 1 12 43 73 73
1077_0029_0039_0070_0070.jpg 1 29 39 70 70
1078_0055_0027_0037_0037.jpg 1 55 27 37 37
1079_0025_0036_0030_0030.jpg 1 25 36 30 30
1080_0011_0062_0048_0048.jpg 1 11 62 48 48
1081_0034_0027_0068_0068.jpg 1 34 27 68 68
1082_0048_0050_0046_0046.jpg 1 48 50 46 46
1083_0036_0043_0034_0034.jpg 1 36 43 34 34
1084_0022_0020_0075_0075.jpg 1 22 20 75 75
1085_0015_0039_0072_0072.jpg 1 15 39 72 72
1086_0010_0067_0037_0037.jpg 1 10 67 37 37
1087_0055_0033_0055_0055.jpg 1 55 33 55 55
1088_0006_0024_0073_0073.jpg 1 6 24 73 73
1089_0030_0025_0081_0081.jpg 1 30 25 81 81
1090_0023_0030_0087_0087.jpg 1 23 30 87 87
1091_0048_0041_0042_0042.jpg 1 48 41 42 42
1092_0038_0042_0063_0063.jpg 1 38 42 63 63
1093_0059_0042_0036_0036.jpg 1 59 42 36 36
1094_0066_0057_0035_0035.jpg 1 66 57 35 35
1095_0041_0012_0076_0076.jpg 1 41 12 76 76
1096_0016_0030_0039_0039.jpg 1 16 30 39 39
1097_0009_0016_0065_0065.jpg 1 9 16 65 65
1098_0024_0015_0085_0085.jpg 1 24 15 85 85
1099_0024_0020_0061_0061.jpg 1 24 20 61 61
1100_0011_0056_0048_0048.jpg 1 11 56 48 48
1101_0042_0067_0038_0038.jpg 1 42 67 38 38
1102_0016_0044_0061_0061.jpg 1 16 44 61 61
1103_0034_0036_0069_0069.jpg 1 34 36 69 69
1104_0010_0014_0087_0087.jpg 1 10 14 87 87
1105_0029_0012_0088_0088.jpg 1 29 12 88 88
1106_0044_0009_0063_0063.jpg 1 44 9 63 63
1107_0042_0023_0049_0049.jpg 1 42 23 49 49
1108_0034_0033_0027_0027.jpg 1 34 33 27 27
1109_0041_0027_0067_0067.jpg 1 41 27 67 67
1110_0035_0047_0057_0057.jpg 1 35 47 57 57
1111_0067_0067_0039_0039.jpg 1 67 67 39 39
1112_0030_0011_0070_0070.jpg 1 30 11 70 70
1113_0014_0032_0068_0068.jpg 1 14 32 68 68
1114_0053_0026_0051_0051.jpg 1 53 26 51 51
1115_0014_0031_0039_0039.jpg 1 14 31 39 39
1116_0045_0053_0051_0051.jpg 1 45 53 51 51
1117_0035_0014_0067_0067.jpg 1 35 14 67 67
1118_0034_0047_0032_0032.jpg 1 34 47 32 32
1119_0034_0019_0079_0079.jpg 1 34 19 79 79
1120_0029_0036_0074_0074.jpg 1 29 36 74 74
1121_0049_0019_0048_0048.jpg 1 49 19 48 48
1122_0044_0025_0064_0064.jpg 1 44 25 64 64
1123_0028_0046_0066_0066.jpg 1 28 46 66 66
1124_0014_0030_0024_0024.jpg 1 14 30 24 24
1125_0058_0015_0051_0051.jpg 1 58 15 51 51
1126_0014_0053_0040_0040.jpg 1 14 53 40 40
1127_0013_0058_0035_0035.jpg 1 13 58 35 35
1128_0046_0043_0041_0041.jpg 1 46 43 41 41
1129_0048_0053_0046_0046.jpg 1 48 53 46 46
1130_0032_0007_0076_0076.jpg 1 32 7 76 76
1131_0045_0025_0046_0046.jpg 1 45 25 46 46
1132_0073_0015_0032_0032.jpg 1 73 15 32 32
1133_0012_0041_0064_0064.jpg 1 12 41 64 64
1134_0039_0014_0055_0055.jpg 1 39 14 55 55
1135_0027_0052_0051_0051.jpg 1 27 52 51 51
1136_0036_0021_0061_0061.jpg 1 36 21 61 61
1137_0044_0049_0033_0033.jpg 1 44 49 33 33
1138_0048_0038_0054_0054.jpg 1 48 38 54 54
1139_0017_0017_0088_0088.jpg 1 17 17 88 88
1140_0050_0057_0043_0043.jpg 1 50 57 43 43
1141_0043_0045_0056_0056.jpg 1 43 45 56 56
1142_0028_0018_0087_0087.jpg 1 28 18 87 87
1143_0014_0029_0025_0025.jpg 1 14 29 25 25
1144_0065_0037_0025_0025.jpg 1 65 37 25 25
1145_0040_0074_0035_0035.jpg 1 40 74 35 35
1146_0042_0061_0047_0047.jpg 1 42 61 47 47
1147_0006_0011_0085_0085.jpg 1 6 11 85 85
1148_0006_0048_0067_0067.jpg 1 6 48 67 67
1149_0025_0025_0083_0083.jpg 1 25 25 83 83
1150_0041_0019_0040_0040.jpg 1 41 19 40 40
1151_0028_0030_0084_0084.jpg 1 28 30 84 84
1152_0042_0041_0048_0048.jpg 1 42 41 48 48
1153_0031_0066_0025_0025.jpg 1 31 66 25 25
1154_0012_0055_0048_0048.jpg 1 12 55 48 48
1155_0041_0013_0034_0034.jpg 1 41 13 34 34
1156_0019_0014_0084_0084.jpg 1 19 14 84 84
1157_0056_0014_0051_0051.jpg 1 56 14 51 51
1158_0036_0024_0044_0044.jpg 1 36 24 44 44
1159_0052_0027_0053_0053.jpg 1 52 27 53 53
1160_0038_0012_0027_0027.jpg 1 38 12 27 27
1161_0051_0065_0026_0026.jpg 1 51 65 26 26
1162_0045_0014_0067_0067.jpg 1 45 14 67 67
1163_0021_0025_0087_0087.jpg 1 21 25 87 87
1164_0011_0068_0024_0024.jpg 1 11 68 24 24
1165_0068_0011_0026_0026.jpg 1 68 11 26 26
1166_0026_0044_0059_0059.jpg 1 26 44 59 59
1167_0011_0010_0067_0067.jpg 1 11 10 67 67
1168_0052_0013_0056_0056.jpg 1 52 13 56 56
1169_0017_0064_0039_0039.jpg 1 17 64 39 39
1170_0022_0019_0053_0053.jpg 1 22 19 53 53
1171_0032_0030_0041_0041.jpg 1 32 30 41 41
1172_0009_0036_0078_0078.jpg 1 9 36 78 78
1173_0024_0032_0084_0084.jpg 1 24 32 84 84
1174_0028_0040_0069_0069.jpg 1 28 40 69 69
1175_0026_0023_0036_0036.jpg 1 26 23 36 36
1176_0059_0022_0050_0050.jpg 1 59 22 50 50
1177_0028_0031_0086_0086.jpg 1 28 31 86 86
1178_0009_0036_0044_0044.jpg 1 9 36 44 44
1179_0047_0043_0056_0056.jpg 1 47 43 56 56
1180_0014_0044_0030_0030.jpg 1 14 44 30 30
1181_0032_0068_0041_0041.jpg 1 32 68 41 41
1182_0039_0052_0028_0028.jpg 1 39 52 28 28
1183_0049_0015_0032_0032.jpg 1 49 15 32 32
1184_0049_0019_0037_0037.jpg 1 49 19 37 37
1185_0035_0014_0049_0049.jpg 1 35 14 49 49
1186_0045_0023_0065_0065.jpg 1 45 23 65 65
1187_0011_0009_0072_0072.jpg 1 11 9 72 72
1188_0044_0041_0038_0038.jpg 1 44 41 38 38
1189_0038_0012_0058_0058.jpg 1 38 12 58 58
1190_0010_0039_0076_0076.jpg 1 10 39 76 76
1191_0042_0027_0028_0028.jpg 1 42 27 28 28
1192_0065_0054_0025_0025.jpg 1 65 54 25 25
1193_0011_0031_0036_0036.jpg 1 11 31 36 36
1194_0036_0009_0058_0058.jpg 1 36 9 58 58
1195_0064_0023_0031_0031.jpg 1 64 23 31 31
1196_0016_0019_0083_0083.jpg 1 16 19 83 83
1197_0057_0050_0047_0047.jpg 1 57 50 47 47
1198_0021_0017_0066_0066.jpg 1 21 17 66 66
1199_0036_0030_0079_0079.jpg 1 36 30 79 79
1200_0037_0046_0058_0058.jpg 1 37 46 58 58
1201_0012_0035_0042_0042.jpg 1 12 35 42 42
1202_0009_0019_0086_0086.jpg 1 9 19 86 86
1203_0049_0029_0061_0061.jpg 1 49 29 61 61
1204_0009_0033_0051_0051.jpg 1 9 33 51 51
1205_0009_0027_0079_0079.jpg 1 9 27 79 79
1206_0022_0013_0086_0086.jpg 1 22 13 86 86
1207_0047_0071_0035_0035.jpg 1 47 71 35 35
1208_0071_0045_0036_0036.jpg 1 71 45 36 36
1209_0007_0010_0079_0079.jpg 1 7 10 79 79
1210_0012_0061_0034_0034.jpg 1 12 61 34 34
1211_0044_0035_0070_0070.jpg 1 44 35 70 70
1212_0031_0040_0037_0037.jpg 1 31 40 37 37
1213_0040_0027_0052_0052.jpg 1 40 27 52 52
1214_0006_0042_0071_0071.jpg 1 6 42 71 71
1215_0033_0052_0059_0059.jpg 1 33 52 59 59
1216_0009_0050_0032_0032.jpg 1 9 50 32 32
1217_0007_0011_0067_0067.jpg 1 7 11 67 67
1218_0037_0018_0079_0079.jpg 1 37 18 79 79
1219_0066_0046_0027_0027.jpg 1 66 46 27 27
1220_0013_0032_0048_0048.jpg 1 13 32 48 48
1221_0014_0006_0086_0086.jpg 1 14 6 86 86
1222_0041_0013_0069_0069.jpg 1 41 13 69 69
1223_0013_0056_0030_0030.jpg 1 13 56 30 30
1224_0031_0026_0082_0082.jpg 1 31 26 82 82
1225_0033_0037_0031_0031.jpg 1 33 37 31 31
1226_0031_0009_0079_0079.jpg 1 31 9 79 79
1227_0045_0033_0067_0067.jpg 1 45 33 67 67
1228_0009_0031_0074_0074.jpg 1 9 31 74 74
1229_0040_0021_0061_0061.jpg 1 40 21 61 61
1230_0019_0005_0084_0084.jpg 1 19 5 84 84
1231_0020_0059_0033_0033.jpg 1 20 59 33 33
1232_0028_0060_0036_0036.jpg 1 28 60 36 36
1233_0065_0031_0028_0028.jpg 1 65 31 28 28
1234_0007_0004_0083_0083.jpg 1 7 4 83 83
1235_0021_0068_0036_0036.jpg 1 21 68 36 36
1236_0008_0006_0078_0078.jpg 1 8 6 78 78
1237_0066_0071_0038_0038.jpg 1 66 71 38 38
1238_0020_0026_0053_0053.jpg 1 20 26 53 53
1239_0065_0020_0034_0034.jpg 1 65 20 34 34
1240_0022_0021_0086_0086.jpg 1 22 21 86 86
1241_0014_0040_0050_0050.jpg 1 14 40 50 50
1242_0034_0010_0044_0044.jpg 1 34 10 44 44
1243_0044_0049_0048_0048.jpg 1 44 49 48 48
1244_0050_0045_0032_0032.jpg 1 50 45 32 32
1245_0007_0046_0068_0068.jpg 1 7 46 68 68
1246_0036_0014_0035_0035.jpg 1 36 14 35 35
1247_0026_0047_0062_0062.jpg 1 26 47 62 62
1248_0020_0027_0027_0027.jpg 1 20 27 27 27
1249_0043_0053_0047_0047.jpg 1 43 53 47 47
1250_0032_0009_0081_0081.jpg 1 32 9 81 81
1251_0008_0016_0077_0077.jpg 1 8 16 77 77
1252_0024_0007_0069_0069.jpg 1 24 7 69 69
1253_0055_0059_0050_0050.jpg 1 55 59 50 50
1254_0009_0009_0086_0086.jpg 1 9 9 86 86
1255_0057_0029_0053_0053.jpg 1 57 29 53 53
1256_0039_0018_0070_0070.jpg 1 39 18 70 70
1257_0061_0034_0049_0049.jpg 1 61 34 49 49
1258_0028_0058_0052_0052.jpg 1 28 58 52 52
1259_0054_0045_0058_0058.jpg 1 54 45 58 58
1260_0018_0023_0086_0086.jpg 1 18 23 86 86
1261_0030_0012_0077_0077.jpg 1 30 12 77 77
1262_0062_0038_0049_0049.jpg 1 62 38 49 49
1263_0048_0012_0065_0065.jpg 1 48 12 65 65
1264_0028_0039_0053_0053.jpg 1 28 39 53 53
1265_0019_0024_0075_0075.jpg 1 19 24 75 75
1266_0029_0030_0080_0080.jpg 1 29 30 80 80
1267_0018_0034_0052_0052.jpg 1 18 34 52 52
1268_0051_0029_0062_0062.jpg 1 51 29 62 62
1269_0042_0027_0052_0052.jpg 1 42 27 52 52
1270_0021_0014_0079_0079.jpg 1 21 14 79 79
1271_0016_0012_0056_0056.jpg 1 16 12 56 56
1272_0007_0020_0076_0076.jpg 1 7 20 76 76
1273_0012_0008_0081_0081.jpg 1 12 8 81 81
1274_0029_0012_0071_0071.jpg 1 29 12 71 71
1275_0033_0036_0027_0027.jpg 1 33 36 27 27
1276_0047_0029_0032_0032.jpg 1 47 29 32 32
1277_0069_0029_0039_0039.jpg 1 69 29 39 39
1278_0044_0011_0045_0045.jpg 1 44 11 45 45
1279_0025_0011_0072_0072.jpg 1 25 11 72 72
1280_0022_0072_0027_0027.jpg 1 22 72 27 27
1281_0036_0012_0027_0027.jpg 1 36 12 27 27
1282_0034_0017_0053_0053.jpg 1 34 17 53 53
1283_0032_0015_0085_0085.jpg 1 32 15 85 85
1284_0037_0053_0058_0058.jpg 1 37 53 58 58
1285_0043_0037_0070_0070.jpg 1 43 37 70 70
1286_0019_0022_0085_0085.jpg 1 19 22 85 85
1287_0071_0059_0029_0029.jpg 1 71 59 29 29
1288_0046_0022_0050_0050.jpg 1 46 22 50 50
1289_0040_0017_0052_0052.jpg 1 40 17 52 52
1290_0057_0027_0032_0032.jpg 1 57 27 32 32
1291_0008_0051_0062_0062.jpg 1 8 51 62 62
1292_0011_0034_0070_0070.jpg 1 11 34 70 70
1293_0039_0019_0077_0077.jpg 1 39 19 77 77
1294_0009_0019_0086_0086.jpg 1 9 19 86 86
1295_0015_0072_0035_0035.jpg 1 15 72 35 35
1296_0057_0060_0049_0049.jpg 1 57 60 49 49
1297_0043_0058_0046_0046.jpg 1 43 58 46 46
1298_0068_0066_0026_0026.jpg 1 68 66 26 26
1299_0033_0034_0067_0067.jpg 1 33 34 67 67
1300_0026_0026_0045_0045.jpg 1 26 26 45 45
